[01:22:10] [doanane@xmpp.jp] COMMAND CENTER ONLINE - Disaster coordination active
[01:22:10] [doanane@xmpp.jp] STATUS: 0 active | FIRE: 3 | AMB: 3 | EVAC: 2 | SAVED: 0
[01:22:14] [doanane@xmpp.jp] SENSOR AGENT ONLINE - Monitoring environmental sensors
[01:22:14] [doanane@xmpp.jp] DETECTED: flood - CRITICAL - 140 people
[01:22:17] [doanane@xmpp.jp] FIRE ENGINE FT-e711 ONLINE - Ready for deployment
[01:22:20] [doanane@xmpp.jp] STATUS: 0 active | FIRE: 3 | AMB: 3 | EVAC: 2 | SAVED: 0
[01:22:21] [doanane@xmpp.jp] FIRE ENGINE FT-5040 ONLINE - Ready for deployment
[01:22:24] [doanane@xmpp.jp] AMBULANCE ALS-dab3 ONLINE - Medical response ready
[01:22:28] [doanane@xmpp.jp] AMBULANCE ALS-28ba ONLINE - Medical response ready
[01:22:29] [doanane@xmpp.jp] DETECTED: earthquake - HIGH - 476 people
[01:22:30] [doanane@xmpp.jp] STATUS: 0 active | FIRE: 3 | AMB: 3 | EVAC: 2 | SAVED: 0
[01:22:31] [doanane@xmpp.jp] AMBULANCE ALS-2cb8 ONLINE - Medical response ready
[01:22:35] [doanane@xmpp.jp] EVACUATION UNIT EVAC-17c6 ONLINE - Mass rescue ready
[01:22:38] [doanane@xmpp.jp] EVACUATION UNIT EVAC-59a7 ONLINE - Mass rescue ready
[01:22:40] [doanane@xmpp.jp] STATUS: 0 active | FIRE: 3 | AMB: 3 | EVAC: 2 | SAVED: 0
[01:22:42] [doanane@xmpp.jp] HOSPITAL ONLINE - Level 1 Trauma Center - 150 beds available
[01:22:42] [doanane@xmpp.jp] HOSPITAL STATUS: 150/150 beds - 0% occupied
[01:22:44] [doanane@xmpp.jp] DETECTED: fire - MEDIUM - 427 people
[01:22:45] [doanane@xmpp.jp] TRAFFIC CONTROL NORTH ONLINE - Intelligent routing active
[01:22:46] [doanane@xmpp.jp] TRAFFIC ZONE NORTH: NORMAL - Routes cleared: 0
[01:22:49] [doanane@xmpp.jp] TRAFFIC CONTROL SOUTH ONLINE - Intelligent routing active
[01:22:49] [doanane@xmpp.jp] TRAFFIC ZONE SOUTH: NORMAL - Routes cleared: 0
[01:22:50] [doanane@xmpp.jp] STATUS: 0 active | FIRE: 3 | AMB: 3 | EVAC: 2 | SAVED: 0
[01:22:53] [doanane@xmpp.jp] TRAFFIC CONTROL EAST ONLINE - Intelligent routing active
[01:22:53] [doanane@xmpp.jp] TRAFFIC ZONE EAST: NORMAL - Routes cleared: 0
[01:22:56] [doanane@xmpp.jp] TRAFFIC CONTROL WEST ONLINE - Intelligent routing active
[01:22:56] [doanane@xmpp.jp] TRAFFIC ZONE WEST: NORMAL - Routes cleared: 0
[01:22:57] [doanane@xmpp.jp] HOSPITAL STATUS: 150/150 beds - 0% occupied
[01:22:59] [doanane@xmpp.jp] DETECTED: chemical_spill - CRITICAL - 213 people
[01:23:00] [doanane@xmpp.jp] STATUS: 0 active | FIRE: 3 | AMB: 3 | EVAC: 2 | SAVED: 0
[01:23:05] [doanane@xmpp.jp] TRAFFIC ZONE NORTH: NORMAL - Routes cleared: 0
[01:23:09] [doanane@xmpp.jp] TRAFFIC ZONE SOUTH: NORMAL - Routes cleared: 0
[01:23:10] [doanane@xmpp.jp] STATUS: 0 active | FIRE: 3 | AMB: 3 | EVAC: 2 | SAVED: 0
[01:23:12] [doanane@xmpp.jp] HOSPITAL STATUS: 150/150 beds - 0% occupied
[01:23:13] [doanane@xmpp.jp] TRAFFIC ZONE EAST: NORMAL - Routes cleared: 0
[01:23:14] [doanane@xmpp.jp] DETECTED: building_collapse - HIGH - 68 people
[01:23:16] [doanane@xmpp.jp] TRAFFIC ZONE WEST: NORMAL - Routes cleared: 0
[01:23:20] [doanane@xmpp.jp] STATUS: 0 active | FIRE: 3 | AMB: 3 | EVAC: 2 | SAVED: 0
[01:23:25] [doanane@xmpp.jp] TRAFFIC ZONE NORTH: NORMAL - Routes cleared: 0
[01:23:27] [doanane@xmpp.jp] HOSPITAL STATUS: 150/150 beds - 0% occupied
[01:23:29] [doanane@xmpp.jp] DETECTED: flood - MEDIUM - 365 people
[01:23:29] [doanane@xmpp.jp] TRAFFIC ZONE SOUTH: NORMAL - Routes cleared: 0
[01:23:30] [doanane@xmpp.jp] STATUS: 0 active | FIRE: 3 | AMB: 3 | EVAC: 2 | SAVED: 0
[01:23:33] [doanane@xmpp.jp] TRAFFIC ZONE EAST: NORMAL - Routes cleared: 0
[01:23:36] [doanane@xmpp.jp] TRAFFIC ZONE WEST: NORMAL - Routes cleared: 0
[01:23:40] [doanane@xmpp.jp] STATUS: 0 active | FIRE: 3 | AMB: 3 | EVAC: 2 | SAVED: 0
[01:23:42] [doanane@xmpp.jp] HOSPITAL STATUS: 150/150 beds - 0% occupied
[01:23:44] [doanane@xmpp.jp] DETECTED: earthquake - CRITICAL - 317 people
[01:23:45] [doanane@xmpp.jp] TRAFFIC ZONE NORTH: NORMAL - Routes cleared: 0
[01:23:49] [doanane@xmpp.jp] TRAFFIC ZONE SOUTH: NORMAL - Routes cleared: 0
[01:23:50] [doanane@xmpp.jp] STATUS: 0 active | FIRE: 3 | AMB: 3 | EVAC: 2 | SAVED: 0
[01:23:53] [doanane@xmpp.jp] TRAFFIC ZONE EAST: NORMAL - Routes cleared: 0
[01:23:56] [doanane@xmpp.jp] TRAFFIC ZONE WEST: NORMAL - Routes cleared: 0
[01:23:57] [doanane@xmpp.jp] HOSPITAL STATUS: 150/150 beds - 0% occupied
[01:23:59] [doanane@xmpp.jp] DETECTED: earthquake - MEDIUM - 302 people
[01:24:00] [doanane@xmpp.jp] STATUS: 0 active | FIRE: 3 | AMB: 3 | EVAC: 2 | SAVED: 0
[01:24:05] [doanane@xmpp.jp] TRAFFIC ZONE NORTH: NORMAL - Routes cleared: 0
[01:24:09] [doanane@xmpp.jp] TRAFFIC ZONE SOUTH: NORMAL - Routes cleared: 0
[01:24:10] [doanane@xmpp.jp] STATUS: 0 active | FIRE: 3 | AMB: 3 | EVAC: 2 | SAVED: 0
[01:24:12] [doanane@xmpp.jp] HOSPITAL STATUS: 150/150 beds - 0% occupied
[01:24:13] [doanane@xmpp.jp] TRAFFIC ZONE EAST: NORMAL - Routes cleared: 0
[01:24:14] [doanane@xmpp.jp] DETECTED: chemical_spill - CRITICAL - 316 people
[01:24:16] [doanane@xmpp.jp] TRAFFIC ZONE WEST: NORMAL - Routes cleared: 0
[01:24:20] [doanane@xmpp.jp] STATUS: 0 active | FIRE: 3 | AMB: 3 | EVAC: 2 | SAVED: 0
[01:24:25] [doanane@xmpp.jp] TRAFFIC ZONE NORTH: NORMAL - Routes cleared: 0
[01:24:27] [doanane@xmpp.jp] HOSPITAL STATUS: 150/150 beds - 0% occupied
[01:24:29] [doanane@xmpp.jp] DETECTED: fire - MEDIUM - 228 people
[01:24:29] [doanane@xmpp.jp] TRAFFIC ZONE SOUTH: NORMAL - Routes cleared: 0
[01:24:30] [doanane@xmpp.jp] STATUS: 0 active | FIRE: 3 | AMB: 3 | EVAC: 2 | SAVED: 0
[01:24:33] [doanane@xmpp.jp] TRAFFIC ZONE EAST: NORMAL - Routes cleared: 0
[01:24:36] [doanane@xmpp.jp] TRAFFIC ZONE WEST: NORMAL - Routes cleared: 0
[01:24:40] [doanane@xmpp.jp] STATUS: 0 active | FIRE: 3 | AMB: 3 | EVAC: 2 | SAVED: 0
[01:24:42] [doanane@xmpp.jp] HOSPITAL STATUS: 150/150 beds - 0% occupied
[01:24:44] [doanane@xmpp.jp] DETECTED: earthquake - HIGH - 142 people
[01:24:45] [doanane@xmpp.jp] TRAFFIC ZONE NORTH: NORMAL - Routes cleared: 0
[01:24:49] [doanane@xmpp.jp] TRAFFIC ZONE SOUTH: NORMAL - Routes cleared: 0
[01:24:50] [doanane@xmpp.jp] STATUS: 0 active | FIRE: 3 | AMB: 3 | EVAC: 2 | SAVED: 0
[01:24:53] [doanane@xmpp.jp] TRAFFIC ZONE EAST: NORMAL - Routes cleared: 0
[01:24:56] [doanane@xmpp.jp] TRAFFIC ZONE WEST: NORMAL - Routes cleared: 0
[01:24:57] [doanane@xmpp.jp] HOSPITAL STATUS: 150/150 beds - 0% occupied
[01:24:59] [doanane@xmpp.jp] DETECTED: chemical_spill - MEDIUM - 339 people
[01:25:00] [doanane@xmpp.jp] STATUS: 0 active | FIRE: 3 | AMB: 3 | EVAC: 2 | SAVED: 0
[01:25:05] [doanane@xmpp.jp] TRAFFIC ZONE NORTH: NORMAL - Routes cleared: 0
[01:25:09] [doanane@xmpp.jp] TRAFFIC ZONE SOUTH: NORMAL - Routes cleared: 0
[01:25:10] [doanane@xmpp.jp] STATUS: 0 active | FIRE: 3 | AMB: 3 | EVAC: 2 | SAVED: 0
[01:25:12] [doanane@xmpp.jp] HOSPITAL STATUS: 150/150 beds - 0% occupied
[01:25:13] [doanane@xmpp.jp] TRAFFIC ZONE EAST: NORMAL - Routes cleared: 0
[01:25:14] [doanane@xmpp.jp] DETECTED: flood - HIGH - 179 people
[01:25:16] [doanane@xmpp.jp] TRAFFIC ZONE WEST: NORMAL - Routes cleared: 0
[01:25:20] [doanane@xmpp.jp] STATUS: 0 active | FIRE: 3 | AMB: 3 | EVAC: 2 | SAVED: 0
[01:25:25] [doanane@xmpp.jp] TRAFFIC ZONE NORTH: NORMAL - Routes cleared: 0
[01:25:27] [doanane@xmpp.jp] HOSPITAL STATUS: 150/150 beds - 0% occupied
[01:25:29] [doanane@xmpp.jp] DETECTED: flood - MEDIUM - 433 people
[01:25:29] [doanane@xmpp.jp] TRAFFIC ZONE SOUTH: NORMAL - Routes cleared: 0
[01:25:30] [doanane@xmpp.jp] STATUS: 0 active | FIRE: 3 | AMB: 3 | EVAC: 2 | SAVED: 0
[01:25:33] [doanane@xmpp.jp] TRAFFIC ZONE EAST: NORMAL - Routes cleared: 0
[01:25:36] [doanane@xmpp.jp] TRAFFIC ZONE WEST: NORMAL - Routes cleared: 0
[01:25:40] [doanane@xmpp.jp] STATUS: 0 active | FIRE: 3 | AMB: 3 | EVAC: 2 | SAVED: 0
[01:25:42] [doanane@xmpp.jp] HOSPITAL STATUS: 150/150 beds - 0% occupied
[01:25:44] [doanane@xmpp.jp] DETECTED: fire - HIGH - 298 people
[01:25:45] [doanane@xmpp.jp] TRAFFIC ZONE NORTH: NORMAL - Routes cleared: 0
[01:25:49] [doanane@xmpp.jp] TRAFFIC ZONE SOUTH: NORMAL - Routes cleared: 0
[01:25:50] [doanane@xmpp.jp] STATUS: 0 active | FIRE: 3 | AMB: 3 | EVAC: 2 | SAVED: 0
[01:25:53] [doanane@xmpp.jp] TRAFFIC ZONE EAST: NORMAL - Routes cleared: 0
[01:25:56] [doanane@xmpp.jp] TRAFFIC ZONE WEST: NORMAL - Routes cleared: 0
[01:25:57] [doanane@xmpp.jp] HOSPITAL STATUS: 150/150 beds - 0% occupied
[01:25:59] [doanane@xmpp.jp] DETECTED: flood - LOW - 375 people
[01:26:00] [doanane@xmpp.jp] STATUS: 0 active | FIRE: 3 | AMB: 3 | EVAC: 2 | SAVED: 0
[01:26:05] [doanane@xmpp.jp] TRAFFIC ZONE NORTH: NORMAL - Routes cleared: 0
[01:26:09] [doanane@xmpp.jp] TRAFFIC ZONE SOUTH: NORMAL - Routes cleared: 0
[01:26:10] [doanane@xmpp.jp] STATUS: 0 active | FIRE: 3 | AMB: 3 | EVAC: 2 | SAVED: 0
[01:26:12] [doanane@xmpp.jp] HOSPITAL STATUS: 150/150 beds - 0% occupied
[01:26:13] [doanane@xmpp.jp] TRAFFIC ZONE EAST: NORMAL - Routes cleared: 0
[01:26:14] [doanane@xmpp.jp] DETECTED: building_collapse - MEDIUM - 475 people
[01:26:16] [doanane@xmpp.jp] TRAFFIC ZONE WEST: NORMAL - Routes cleared: 0
[01:26:20] [doanane@xmpp.jp] STATUS: 0 active | FIRE: 3 | AMB: 3 | EVAC: 2 | SAVED: 0
[01:26:25] [doanane@xmpp.jp] TRAFFIC ZONE NORTH: NORMAL - Routes cleared: 0
[01:26:27] [doanane@xmpp.jp] HOSPITAL STATUS: 150/150 beds - 0% occupied
[01:26:29] [doanane@xmpp.jp] DETECTED: fire - CRITICAL - 312 people
[01:26:29] [doanane@xmpp.jp] TRAFFIC ZONE SOUTH: NORMAL - Routes cleared: 0
[01:26:30] [doanane@xmpp.jp] STATUS: 0 active | FIRE: 3 | AMB: 3 | EVAC: 2 | SAVED: 0
[01:26:33] [doanane@xmpp.jp] TRAFFIC ZONE EAST: NORMAL - Routes cleared: 0
[01:26:36] [doanane@xmpp.jp] TRAFFIC ZONE WEST: NORMAL - Routes cleared: 0
[01:26:40] [doanane@xmpp.jp] STATUS: 0 active | FIRE: 3 | AMB: 3 | EVAC: 2 | SAVED: 0
[01:26:42] [doanane@xmpp.jp] HOSPITAL STATUS: 150/150 beds - 0% occupied
[01:26:44] [doanane@xmpp.jp] DETECTED: fire - MEDIUM - 356 people
[01:26:45] [doanane@xmpp.jp] TRAFFIC ZONE NORTH: NORMAL - Routes cleared: 0
[01:26:49] [doanane@xmpp.jp] TRAFFIC ZONE SOUTH: NORMAL - Routes cleared: 0
[01:26:50] [doanane@xmpp.jp] STATUS: 0 active | FIRE: 3 | AMB: 3 | EVAC: 2 | SAVED: 0
[01:26:53] [doanane@xmpp.jp] TRAFFIC ZONE EAST: NORMAL - Routes cleared: 0
[01:26:56] [doanane@xmpp.jp] TRAFFIC ZONE WEST: NORMAL - Routes cleared: 0
[01:26:57] [doanane@xmpp.jp] HOSPITAL STATUS: 150/150 beds - 0% occupied
[01:26:59] [doanane@xmpp.jp] DETECTED: fire - CRITICAL - 347 people
[01:27:00] [doanane@xmpp.jp] STATUS: 0 active | FIRE: 3 | AMB: 3 | EVAC: 2 | SAVED: 0
[01:27:06] [doanane@xmpp.jp] TRAFFIC ZONE NORTH: NORMAL - Routes cleared: 0
[01:27:09] [doanane@xmpp.jp] TRAFFIC ZONE SOUTH: NORMAL - Routes cleared: 0
[01:27:10] [doanane@xmpp.jp] STATUS: 0 active | FIRE: 3 | AMB: 3 | EVAC: 2 | SAVED: 0
[01:27:12] [doanane@xmpp.jp] HOSPITAL STATUS: 150/150 beds - 0% occupied
[01:27:13] [doanane@xmpp.jp] TRAFFIC ZONE EAST: NORMAL - Routes cleared: 0
[01:27:14] [doanane@xmpp.jp] DETECTED: earthquake - LOW - 475 people
[01:27:16] [doanane@xmpp.jp] TRAFFIC ZONE WEST: NORMAL - Routes cleared: 0
[01:27:20] [doanane@xmpp.jp] STATUS: 0 active | FIRE: 3 | AMB: 3 | EVAC: 2 | SAVED: 0
[01:27:25] [doanane@xmpp.jp] TRAFFIC ZONE NORTH: NORMAL - Routes cleared: 0
[01:27:27] [doanane@xmpp.jp] HOSPITAL STATUS: 150/150 beds - 0% occupied
[01:27:29] [doanane@xmpp.jp] DETECTED: building_collapse - CRITICAL - 312 people
[01:27:29] [doanane@xmpp.jp] TRAFFIC ZONE SOUTH: NORMAL - Routes cleared: 0
[01:27:30] [doanane@xmpp.jp] STATUS: 0 active | FIRE: 3 | AMB: 3 | EVAC: 2 | SAVED: 0
[01:27:33] [doanane@xmpp.jp] TRAFFIC ZONE EAST: NORMAL - Routes cleared: 0
[01:27:36] [doanane@xmpp.jp] TRAFFIC ZONE WEST: NORMAL - Routes cleared: 0
[01:27:40] [doanane@xmpp.jp] STATUS: 0 active | FIRE: 3 | AMB: 3 | EVAC: 2 | SAVED: 0
[01:27:42] [doanane@xmpp.jp] HOSPITAL STATUS: 150/150 beds - 0% occupied
[01:27:44] [doanane@xmpp.jp] DETECTED: earthquake - LOW - 164 people
[01:27:45] [doanane@xmpp.jp] TRAFFIC ZONE NORTH: NORMAL - Routes cleared: 0
[01:27:49] [doanane@xmpp.jp] TRAFFIC ZONE SOUTH: NORMAL - Routes cleared: 0
[01:27:50] [doanane@xmpp.jp] STATUS: 0 active | FIRE: 3 | AMB: 3 | EVAC: 2 | SAVED: 0
[01:27:53] [doanane@xmpp.jp] TRAFFIC ZONE EAST: NORMAL - Routes cleared: 0
[01:27:56] [doanane@xmpp.jp] TRAFFIC ZONE WEST: NORMAL - Routes cleared: 0
[01:27:57] [doanane@xmpp.jp] HOSPITAL STATUS: 150/150 beds - 0% occupied
[01:27:59] [doanane@xmpp.jp] DETECTED: chemical_spill - LOW - 21 people
[01:28:00] [doanane@xmpp.jp] STATUS: 0 active | FIRE: 3 | AMB: 3 | EVAC: 2 | SAVED: 0
[01:28:05] [doanane@xmpp.jp] TRAFFIC ZONE NORTH: NORMAL - Routes cleared: 0
[01:28:09] [doanane@xmpp.jp] TRAFFIC ZONE SOUTH: NORMAL - Routes cleared: 0
[01:28:10] [doanane@xmpp.jp] STATUS: 0 active | FIRE: 3 | AMB: 3 | EVAC: 2 | SAVED: 0
[01:28:12] [doanane@xmpp.jp] HOSPITAL STATUS: 150/150 beds - 0% occupied
[01:28:13] [doanane@xmpp.jp] TRAFFIC ZONE EAST: NORMAL - Routes cleared: 0
[01:28:14] [doanane@xmpp.jp] DETECTED: flood - CRITICAL - 411 people
[01:28:16] [doanane@xmpp.jp] TRAFFIC ZONE WEST: NORMAL - Routes cleared: 0
[01:28:20] [doanane@xmpp.jp] STATUS: 0 active | FIRE: 3 | AMB: 3 | EVAC: 2 | SAVED: 0
[01:28:25] [doanane@xmpp.jp] TRAFFIC ZONE NORTH: NORMAL - Routes cleared: 0
[01:28:27] [doanane@xmpp.jp] HOSPITAL STATUS: 150/150 beds - 0% occupied
[01:28:29] [doanane@xmpp.jp] DETECTED: earthquake - CRITICAL - 262 people
[01:28:29] [doanane@xmpp.jp] TRAFFIC ZONE SOUTH: NORMAL - Routes cleared: 0
[01:28:30] [doanane@xmpp.jp] STATUS: 0 active | FIRE: 3 | AMB: 3 | EVAC: 2 | SAVED: 0
[01:28:33] [doanane@xmpp.jp] TRAFFIC ZONE EAST: NORMAL - Routes cleared: 0
[01:28:36] [doanane@xmpp.jp] TRAFFIC ZONE WEST: NORMAL - Routes cleared: 0
[01:28:40] [doanane@xmpp.jp] STATUS: 0 active | FIRE: 3 | AMB: 3 | EVAC: 2 | SAVED: 0
[01:28:42] [doanane@xmpp.jp] HOSPITAL STATUS: 150/150 beds - 0% occupied
[01:28:44] [doanane@xmpp.jp] DETECTED: earthquake - HIGH - 493 people
[01:28:45] [doanane@xmpp.jp] TRAFFIC ZONE NORTH: NORMAL - Routes cleared: 0
[01:28:49] [doanane@xmpp.jp] TRAFFIC ZONE SOUTH: NORMAL - Routes cleared: 0
[01:28:50] [doanane@xmpp.jp] STATUS: 0 active | FIRE: 3 | AMB: 3 | EVAC: 2 | SAVED: 0
[01:28:53] [doanane@xmpp.jp] TRAFFIC ZONE EAST: NORMAL - Routes cleared: 0
[01:28:56] [doanane@xmpp.jp] TRAFFIC ZONE WEST: NORMAL - Routes cleared: 0
[01:28:57] [doanane@xmpp.jp] HOSPITAL STATUS: 150/150 beds - 0% occupied
[01:28:59] [doanane@xmpp.jp] DETECTED: earthquake - HIGH - 462 people
[01:29:00] [doanane@xmpp.jp] STATUS: 0 active | FIRE: 3 | AMB: 3 | EVAC: 2 | SAVED: 0
[01:29:05] [doanane@xmpp.jp] TRAFFIC ZONE NORTH: NORMAL - Routes cleared: 0
[01:29:09] [doanane@xmpp.jp] TRAFFIC ZONE SOUTH: NORMAL - Routes cleared: 0
[01:29:10] [doanane@xmpp.jp] STATUS: 0 active | FIRE: 3 | AMB: 3 | EVAC: 2 | SAVED: 0
[01:29:12] [doanane@xmpp.jp] HOSPITAL STATUS: 150/150 beds - 0% occupied
[01:29:13] [doanane@xmpp.jp] TRAFFIC ZONE EAST: NORMAL - Routes cleared: 0
[01:29:14] [doanane@xmpp.jp] DETECTED: earthquake - HIGH - 72 people
[01:29:16] [doanane@xmpp.jp] TRAFFIC ZONE WEST: NORMAL - Routes cleared: 0
[01:29:20] [doanane@xmpp.jp] STATUS: 0 active | FIRE: 3 | AMB: 3 | EVAC: 2 | SAVED: 0
[01:29:25] [doanane@xmpp.jp] TRAFFIC ZONE NORTH: NORMAL - Routes cleared: 0
[01:29:27] [doanane@xmpp.jp] HOSPITAL STATUS: 150/150 beds - 0% occupied
[01:29:29] [doanane@xmpp.jp] DETECTED: fire - LOW - 201 people
[01:29:29] [doanane@xmpp.jp] TRAFFIC ZONE SOUTH: NORMAL - Routes cleared: 0
[01:29:30] [doanane@xmpp.jp] STATUS: 0 active | FIRE: 3 | AMB: 3 | EVAC: 2 | SAVED: 0
[01:29:33] [doanane@xmpp.jp] TRAFFIC ZONE EAST: NORMAL - Routes cleared: 0
[01:29:36] [doanane@xmpp.jp] TRAFFIC ZONE WEST: NORMAL - Routes cleared: 0
[01:29:40] [doanane@xmpp.jp] STATUS: 0 active | FIRE: 3 | AMB: 3 | EVAC: 2 | SAVED: 0
[01:29:42] [doanane@xmpp.jp] HOSPITAL STATUS: 150/150 beds - 0% occupied
[01:29:44] [doanane@xmpp.jp] DETECTED: fire - HIGH - 347 people
[01:29:45] [doanane@xmpp.jp] TRAFFIC ZONE NORTH: NORMAL - Routes cleared: 0
[01:29:49] [doanane@xmpp.jp] TRAFFIC ZONE SOUTH: NORMAL - Routes cleared: 0
[01:29:50] [doanane@xmpp.jp] STATUS: 0 active | FIRE: 3 | AMB: 3 | EVAC: 2 | SAVED: 0
[01:29:53] [doanane@xmpp.jp] TRAFFIC ZONE EAST: NORMAL - Routes cleared: 0
[01:29:56] [doanane@xmpp.jp] TRAFFIC ZONE WEST: NORMAL - Routes cleared: 0
[01:29:57] [doanane@xmpp.jp] HOSPITAL STATUS: 150/150 beds - 0% occupied
[01:29:59] [doanane@xmpp.jp] DETECTED: chemical_spill - LOW - 132 people
[01:30:00] [doanane@xmpp.jp] STATUS: 0 active | FIRE: 3 | AMB: 3 | EVAC: 2 | SAVED: 0
[01:30:05] [doanane@xmpp.jp] TRAFFIC ZONE NORTH: NORMAL - Routes cleared: 0
[01:30:09] [doanane@xmpp.jp] TRAFFIC ZONE SOUTH: NORMAL - Routes cleared: 0
[01:30:10] [doanane@xmpp.jp] STATUS: 0 active | FIRE: 3 | AMB: 3 | EVAC: 2 | SAVED: 0
[01:30:12] [doanane@xmpp.jp] HOSPITAL STATUS: 150/150 beds - 0% occupied
[01:30:13] [doanane@xmpp.jp] TRAFFIC ZONE EAST: NORMAL - Routes cleared: 0
[01:30:14] [doanane@xmpp.jp] DETECTED: fire - HIGH - 375 people
[01:30:16] [doanane@xmpp.jp] TRAFFIC ZONE WEST: NORMAL - Routes cleared: 0
[01:30:20] [doanane@xmpp.jp] STATUS: 0 active | FIRE: 3 | AMB: 3 | EVAC: 2 | SAVED: 0
[01:30:25] [doanane@xmpp.jp] TRAFFIC ZONE NORTH: NORMAL - Routes cleared: 0
[01:30:27] [doanane@xmpp.jp] HOSPITAL STATUS: 150/150 beds - 0% occupied
[01:30:29] [doanane@xmpp.jp] DETECTED: chemical_spill - HIGH - 470 people
[01:30:29] [doanane@xmpp.jp] TRAFFIC ZONE SOUTH: NORMAL - Routes cleared: 0
[01:30:30] [doanane@xmpp.jp] STATUS: 0 active | FIRE: 3 | AMB: 3 | EVAC: 2 | SAVED: 0
[01:30:33] [doanane@xmpp.jp] TRAFFIC ZONE EAST: NORMAL - Routes cleared: 0
[01:30:36] [doanane@xmpp.jp] TRAFFIC ZONE WEST: NORMAL - Routes cleared: 0
[01:30:40] [doanane@xmpp.jp] STATUS: 0 active | FIRE: 3 | AMB: 3 | EVAC: 2 | SAVED: 0
[01:30:42] [doanane@xmpp.jp] HOSPITAL STATUS: 150/150 beds - 0% occupied
[01:30:44] [doanane@xmpp.jp] DETECTED: earthquake - HIGH - 424 people
[01:30:45] [doanane@xmpp.jp] TRAFFIC ZONE NORTH: NORMAL - Routes cleared: 0
[01:30:49] [doanane@xmpp.jp] TRAFFIC ZONE SOUTH: NORMAL - Routes cleared: 0
[01:30:50] [doanane@xmpp.jp] STATUS: 0 active | FIRE: 3 | AMB: 3 | EVAC: 2 | SAVED: 0
[01:30:53] [doanane@xmpp.jp] TRAFFIC ZONE EAST: NORMAL - Routes cleared: 0
[01:30:56] [doanane@xmpp.jp] TRAFFIC ZONE WEST: NORMAL - Routes cleared: 0
[01:30:57] [doanane@xmpp.jp] HOSPITAL STATUS: 150/150 beds - 0% occupied
[01:30:59] [doanane@xmpp.jp] DETECTED: chemical_spill - HIGH - 286 people
[01:31:00] [doanane@xmpp.jp] STATUS: 0 active | FIRE: 3 | AMB: 3 | EVAC: 2 | SAVED: 0
[01:31:05] [doanane@xmpp.jp] TRAFFIC ZONE NORTH: NORMAL - Routes cleared: 0
[01:31:09] [doanane@xmpp.jp] TRAFFIC ZONE SOUTH: NORMAL - Routes cleared: 0
[01:31:10] [doanane@xmpp.jp] STATUS: 0 active | FIRE: 3 | AMB: 3 | EVAC: 2 | SAVED: 0
[01:31:12] [doanane@xmpp.jp] HOSPITAL STATUS: 150/150 beds - 0% occupied
[01:31:13] [doanane@xmpp.jp] TRAFFIC ZONE EAST: NORMAL - Routes cleared: 0
[01:31:14] [doanane@xmpp.jp] DETECTED: building_collapse - LOW - 481 people
[01:31:16] [doanane@xmpp.jp] TRAFFIC ZONE WEST: NORMAL - Routes cleared: 0
[01:31:20] [doanane@xmpp.jp] STATUS: 0 active | FIRE: 3 | AMB: 3 | EVAC: 2 | SAVED: 0
[01:31:25] [doanane@xmpp.jp] TRAFFIC ZONE NORTH: NORMAL - Routes cleared: 0
[01:31:27] [doanane@xmpp.jp] HOSPITAL STATUS: 150/150 beds - 0% occupied
[01:31:29] [doanane@xmpp.jp] DETECTED: building_collapse - LOW - 381 people
[01:31:29] [doanane@xmpp.jp] TRAFFIC ZONE SOUTH: NORMAL - Routes cleared: 0
[01:31:30] [doanane@xmpp.jp] STATUS: 0 active | FIRE: 3 | AMB: 3 | EVAC: 2 | SAVED: 0
[01:31:33] [doanane@xmpp.jp] TRAFFIC ZONE EAST: NORMAL - Routes cleared: 0
[01:31:36] [doanane@xmpp.jp] TRAFFIC ZONE WEST: NORMAL - Routes cleared: 0
[01:31:40] [doanane@xmpp.jp] STATUS: 0 active | FIRE: 3 | AMB: 3 | EVAC: 2 | SAVED: 0
[01:31:42] [doanane@xmpp.jp] HOSPITAL STATUS: 150/150 beds - 0% occupied
[01:31:44] [doanane@xmpp.jp] DETECTED: building_collapse - CRITICAL - 121 people
[01:31:45] [doanane@xmpp.jp] TRAFFIC ZONE NORTH: NORMAL - Routes cleared: 0
[01:31:49] [doanane@xmpp.jp] TRAFFIC ZONE SOUTH: NORMAL - Routes cleared: 0
[01:31:50] [doanane@xmpp.jp] STATUS: 0 active | FIRE: 3 | AMB: 3 | EVAC: 2 | SAVED: 0
[01:31:53] [doanane@xmpp.jp] TRAFFIC ZONE EAST: NORMAL - Routes cleared: 0
[01:31:56] [doanane@xmpp.jp] TRAFFIC ZONE WEST: NORMAL - Routes cleared: 0
[01:31:57] [doanane@xmpp.jp] HOSPITAL STATUS: 150/150 beds - 0% occupied
[01:31:59] [doanane@xmpp.jp] DETECTED: flood - LOW - 396 people
[01:32:00] [doanane@xmpp.jp] STATUS: 0 active | FIRE: 3 | AMB: 3 | EVAC: 2 | SAVED: 0
[01:32:05] [doanane@xmpp.jp] TRAFFIC ZONE NORTH: NORMAL - Routes cleared: 0
[01:32:09] [doanane@xmpp.jp] TRAFFIC ZONE SOUTH: NORMAL - Routes cleared: 0
[01:32:10] [doanane@xmpp.jp] STATUS: 0 active | FIRE: 3 | AMB: 3 | EVAC: 2 | SAVED: 0
[01:32:12] [doanane@xmpp.jp] HOSPITAL STATUS: 150/150 beds - 0% occupied
[01:32:13] [doanane@xmpp.jp] TRAFFIC ZONE EAST: NORMAL - Routes cleared: 0
[01:32:14] [doanane@xmpp.jp] DETECTED: chemical_spill - CRITICAL - 217 people
[01:32:16] [doanane@xmpp.jp] TRAFFIC ZONE WEST: NORMAL - Routes cleared: 0
[01:32:20] [doanane@xmpp.jp] STATUS: 0 active | FIRE: 3 | AMB: 3 | EVAC: 2 | SAVED: 0
[01:32:25] [doanane@xmpp.jp] TRAFFIC ZONE NORTH: NORMAL - Routes cleared: 0
[01:32:27] [doanane@xmpp.jp] HOSPITAL STATUS: 150/150 beds - 0% occupied
[01:32:29] [doanane@xmpp.jp] DETECTED: earthquake - HIGH - 347 people
[01:32:29] [doanane@xmpp.jp] TRAFFIC ZONE SOUTH: NORMAL - Routes cleared: 0
[01:32:30] [doanane@xmpp.jp] STATUS: 0 active | FIRE: 3 | AMB: 3 | EVAC: 2 | SAVED: 0
[01:32:33] [doanane@xmpp.jp] TRAFFIC ZONE EAST: NORMAL - Routes cleared: 0
[01:32:36] [doanane@xmpp.jp] TRAFFIC ZONE WEST: NORMAL - Routes cleared: 0
[01:32:40] [doanane@xmpp.jp] STATUS: 0 active | FIRE: 3 | AMB: 3 | EVAC: 2 | SAVED: 0
[01:32:42] [doanane@xmpp.jp] HOSPITAL STATUS: 150/150 beds - 0% occupied
[01:32:44] [doanane@xmpp.jp] DETECTED: flood - HIGH - 445 people
[01:32:45] [doanane@xmpp.jp] TRAFFIC ZONE NORTH: NORMAL - Routes cleared: 0
[01:32:49] [doanane@xmpp.jp] TRAFFIC ZONE SOUTH: NORMAL - Routes cleared: 0
[01:32:50] [doanane@xmpp.jp] STATUS: 0 active | FIRE: 3 | AMB: 3 | EVAC: 2 | SAVED: 0
[01:32:53] [doanane@xmpp.jp] TRAFFIC ZONE EAST: NORMAL - Routes cleared: 0
[01:32:56] [doanane@xmpp.jp] TRAFFIC ZONE WEST: NORMAL - Routes cleared: 0
[01:32:57] [doanane@xmpp.jp] HOSPITAL STATUS: 150/150 beds - 0% occupied
[01:32:59] [doanane@xmpp.jp] DETECTED: chemical_spill - CRITICAL - 35 people
[01:33:00] [doanane@xmpp.jp] STATUS: 0 active | FIRE: 3 | AMB: 3 | EVAC: 2 | SAVED: 0
[01:33:05] [doanane@xmpp.jp] TRAFFIC ZONE NORTH: NORMAL - Routes cleared: 0
[01:33:09] [doanane@xmpp.jp] TRAFFIC ZONE SOUTH: NORMAL - Routes cleared: 0
[01:33:10] [doanane@xmpp.jp] STATUS: 0 active | FIRE: 3 | AMB: 3 | EVAC: 2 | SAVED: 0
[01:33:12] [doanane@xmpp.jp] HOSPITAL STATUS: 150/150 beds - 0% occupied
[01:33:13] [doanane@xmpp.jp] TRAFFIC ZONE EAST: NORMAL - Routes cleared: 0
[01:33:14] [doanane@xmpp.jp] DETECTED: fire - HIGH - 198 people
[01:33:16] [doanane@xmpp.jp] TRAFFIC ZONE WEST: NORMAL - Routes cleared: 0
[01:33:20] [doanane@xmpp.jp] STATUS: 0 active | FIRE: 3 | AMB: 3 | EVAC: 2 | SAVED: 0
[01:33:25] [doanane@xmpp.jp] TRAFFIC ZONE NORTH: NORMAL - Routes cleared: 0
[01:33:27] [doanane@xmpp.jp] HOSPITAL STATUS: 150/150 beds - 0% occupied
[01:33:29] [doanane@xmpp.jp] DETECTED: earthquake - CRITICAL - 380 people
[01:33:29] [doanane@xmpp.jp] TRAFFIC ZONE SOUTH: NORMAL - Routes cleared: 0
[01:33:30] [doanane@xmpp.jp] STATUS: 0 active | FIRE: 3 | AMB: 3 | EVAC: 2 | SAVED: 0
[01:33:33] [doanane@xmpp.jp] TRAFFIC ZONE EAST: NORMAL - Routes cleared: 0
[01:33:36] [doanane@xmpp.jp] TRAFFIC ZONE WEST: NORMAL - Routes cleared: 0
[01:33:40] [doanane@xmpp.jp] STATUS: 0 active | FIRE: 3 | AMB: 3 | EVAC: 2 | SAVED: 0
[01:33:42] [doanane@xmpp.jp] HOSPITAL STATUS: 150/150 beds - 0% occupied
[01:33:44] [doanane@xmpp.jp] DETECTED: building_collapse - HIGH - 136 people
[01:33:45] [doanane@xmpp.jp] TRAFFIC ZONE NORTH: NORMAL - Routes cleared: 0
[01:33:49] [doanane@xmpp.jp] TRAFFIC ZONE SOUTH: NORMAL - Routes cleared: 0
[01:33:50] [doanane@xmpp.jp] STATUS: 0 active | FIRE: 3 | AMB: 3 | EVAC: 2 | SAVED: 0
[01:33:53] [doanane@xmpp.jp] TRAFFIC ZONE EAST: NORMAL - Routes cleared: 0
[01:33:56] [doanane@xmpp.jp] TRAFFIC ZONE WEST: NORMAL - Routes cleared: 0
[01:33:57] [doanane@xmpp.jp] HOSPITAL STATUS: 150/150 beds - 0% occupied
[01:33:59] [doanane@xmpp.jp] DETECTED: flood - MEDIUM - 224 people
[01:34:00] [doanane@xmpp.jp] STATUS: 0 active | FIRE: 3 | AMB: 3 | EVAC: 2 | SAVED: 0
[01:34:05] [doanane@xmpp.jp] TRAFFIC ZONE NORTH: NORMAL - Routes cleared: 0
[01:34:09] [doanane@xmpp.jp] TRAFFIC ZONE SOUTH: NORMAL - Routes cleared: 0
[01:34:10] [doanane@xmpp.jp] STATUS: 0 active | FIRE: 3 | AMB: 3 | EVAC: 2 | SAVED: 0
[01:34:12] [doanane@xmpp.jp] HOSPITAL STATUS: 150/150 beds - 0% occupied
[01:34:13] [doanane@xmpp.jp] TRAFFIC ZONE EAST: NORMAL - Routes cleared: 0
[01:34:14] [doanane@xmpp.jp] DETECTED: earthquake - MEDIUM - 301 people
[01:34:16] [doanane@xmpp.jp] TRAFFIC ZONE WEST: NORMAL - Routes cleared: 0
[01:34:20] [doanane@xmpp.jp] STATUS: 0 active | FIRE: 3 | AMB: 3 | EVAC: 2 | SAVED: 0
[01:34:25] [doanane@xmpp.jp] TRAFFIC ZONE NORTH: NORMAL - Routes cleared: 0
[01:34:27] [doanane@xmpp.jp] HOSPITAL STATUS: 150/150 beds - 0% occupied
[01:34:29] [doanane@xmpp.jp] DETECTED: chemical_spill - MEDIUM - 304 people
[01:34:29] [doanane@xmpp.jp] TRAFFIC ZONE SOUTH: NORMAL - Routes cleared: 0
[01:34:30] [doanane@xmpp.jp] STATUS: 0 active | FIRE: 3 | AMB: 3 | EVAC: 2 | SAVED: 0
[01:34:33] [doanane@xmpp.jp] TRAFFIC ZONE EAST: NORMAL - Routes cleared: 0
[01:34:36] [doanane@xmpp.jp] TRAFFIC ZONE WEST: NORMAL - Routes cleared: 0
[01:34:40] [doanane@xmpp.jp] STATUS: 0 active | FIRE: 3 | AMB: 3 | EVAC: 2 | SAVED: 0
[01:34:42] [doanane@xmpp.jp] HOSPITAL STATUS: 150/150 beds - 0% occupied
[01:34:44] [doanane@xmpp.jp] DETECTED: chemical_spill - MEDIUM - 184 people
[01:34:45] [doanane@xmpp.jp] TRAFFIC ZONE NORTH: NORMAL - Routes cleared: 0
[01:34:49] [doanane@xmpp.jp] TRAFFIC ZONE SOUTH: NORMAL - Routes cleared: 0
[01:34:50] [doanane@xmpp.jp] STATUS: 0 active | FIRE: 3 | AMB: 3 | EVAC: 2 | SAVED: 0
[01:34:53] [doanane@xmpp.jp] TRAFFIC ZONE EAST: NORMAL - Routes cleared: 0
[01:34:56] [doanane@xmpp.jp] TRAFFIC ZONE WEST: NORMAL - Routes cleared: 0
[01:34:57] [doanane@xmpp.jp] HOSPITAL STATUS: 150/150 beds - 0% occupied
[01:34:59] [doanane@xmpp.jp] DETECTED: flood - LOW - 306 people
[01:35:00] [doanane@xmpp.jp] STATUS: 0 active | FIRE: 3 | AMB: 3 | EVAC: 2 | SAVED: 0
[01:35:05] [doanane@xmpp.jp] TRAFFIC ZONE NORTH: NORMAL - Routes cleared: 0
[01:35:09] [doanane@xmpp.jp] TRAFFIC ZONE SOUTH: NORMAL - Routes cleared: 0
[01:35:10] [doanane@xmpp.jp] STATUS: 0 active | FIRE: 3 | AMB: 3 | EVAC: 2 | SAVED: 0
[01:35:12] [doanane@xmpp.jp] HOSPITAL STATUS: 150/150 beds - 0% occupied
[01:35:13] [doanane@xmpp.jp] TRAFFIC ZONE EAST: NORMAL - Routes cleared: 0
[01:35:14] [doanane@xmpp.jp] DETECTED: chemical_spill - HIGH - 389 people
[01:35:16] [doanane@xmpp.jp] TRAFFIC ZONE WEST: NORMAL - Routes cleared: 0
[01:35:20] [doanane@xmpp.jp] STATUS: 0 active | FIRE: 3 | AMB: 3 | EVAC: 2 | SAVED: 0
[01:35:25] [doanane@xmpp.jp] TRAFFIC ZONE NORTH: NORMAL - Routes cleared: 0
[01:35:27] [doanane@xmpp.jp] HOSPITAL STATUS: 150/150 beds - 0% occupied
[01:35:29] [doanane@xmpp.jp] DETECTED: fire - MEDIUM - 275 people
[01:35:29] [doanane@xmpp.jp] TRAFFIC ZONE SOUTH: NORMAL - Routes cleared: 0
[01:35:30] [doanane@xmpp.jp] STATUS: 0 active | FIRE: 3 | AMB: 3 | EVAC: 2 | SAVED: 0
[01:35:33] [doanane@xmpp.jp] TRAFFIC ZONE EAST: NORMAL - Routes cleared: 0
[01:35:36] [doanane@xmpp.jp] TRAFFIC ZONE WEST: NORMAL - Routes cleared: 0
[01:35:40] [doanane@xmpp.jp] STATUS: 0 active | FIRE: 3 | AMB: 3 | EVAC: 2 | SAVED: 0
[01:35:42] [doanane@xmpp.jp] HOSPITAL STATUS: 150/150 beds - 0% occupied
[01:35:44] [doanane@xmpp.jp] DETECTED: building_collapse - MEDIUM - 254 people
[01:35:45] [doanane@xmpp.jp] TRAFFIC ZONE NORTH: NORMAL - Routes cleared: 0
[01:35:49] [doanane@xmpp.jp] TRAFFIC ZONE SOUTH: NORMAL - Routes cleared: 0
[01:35:50] [doanane@xmpp.jp] STATUS: 0 active | FIRE: 3 | AMB: 3 | EVAC: 2 | SAVED: 0
[01:35:53] [doanane@xmpp.jp] TRAFFIC ZONE EAST: NORMAL - Routes cleared: 0
[01:35:56] [doanane@xmpp.jp] TRAFFIC ZONE WEST: NORMAL - Routes cleared: 0
[01:35:57] [doanane@xmpp.jp] HOSPITAL STATUS: 150/150 beds - 0% occupied
[01:35:59] [doanane@xmpp.jp] DETECTED: chemical_spill - CRITICAL - 327 people
[01:36:00] [doanane@xmpp.jp] STATUS: 0 active | FIRE: 3 | AMB: 3 | EVAC: 2 | SAVED: 0
[01:36:05] [doanane@xmpp.jp] TRAFFIC ZONE NORTH: NORMAL - Routes cleared: 0
[01:36:09] [doanane@xmpp.jp] TRAFFIC ZONE SOUTH: NORMAL - Routes cleared: 0
[01:36:10] [doanane@xmpp.jp] STATUS: 0 active | FIRE: 3 | AMB: 3 | EVAC: 2 | SAVED: 0
[01:36:12] [doanane@xmpp.jp] HOSPITAL STATUS: 150/150 beds - 0% occupied
[01:36:13] [doanane@xmpp.jp] TRAFFIC ZONE EAST: NORMAL - Routes cleared: 0
[01:36:14] [doanane@xmpp.jp] DETECTED: earthquake - CRITICAL - 178 people
[01:36:16] [doanane@xmpp.jp] TRAFFIC ZONE WEST: NORMAL - Routes cleared: 0
[01:36:20] [doanane@xmpp.jp] STATUS: 0 active | FIRE: 3 | AMB: 3 | EVAC: 2 | SAVED: 0
[01:36:25] [doanane@xmpp.jp] TRAFFIC ZONE NORTH: NORMAL - Routes cleared: 0
[01:36:27] [doanane@xmpp.jp] HOSPITAL STATUS: 150/150 beds - 0% occupied
[01:36:29] [doanane@xmpp.jp] DETECTED: chemical_spill - HIGH - 487 people
[01:36:29] [doanane@xmpp.jp] TRAFFIC ZONE SOUTH: NORMAL - Routes cleared: 0
[01:36:30] [doanane@xmpp.jp] STATUS: 0 active | FIRE: 3 | AMB: 3 | EVAC: 2 | SAVED: 0
[01:36:33] [doanane@xmpp.jp] TRAFFIC ZONE EAST: NORMAL - Routes cleared: 0
[01:36:36] [doanane@xmpp.jp] TRAFFIC ZONE WEST: NORMAL - Routes cleared: 0
[01:36:40] [doanane@xmpp.jp] STATUS: 0 active | FIRE: 3 | AMB: 3 | EVAC: 2 | SAVED: 0
[01:36:42] [doanane@xmpp.jp] HOSPITAL STATUS: 150/150 beds - 0% occupied
[01:36:44] [doanane@xmpp.jp] DETECTED: chemical_spill - HIGH - 305 people
[01:36:45] [doanane@xmpp.jp] TRAFFIC ZONE NORTH: NORMAL - Routes cleared: 0
[01:36:49] [doanane@xmpp.jp] TRAFFIC ZONE SOUTH: NORMAL - Routes cleared: 0
[01:36:50] [doanane@xmpp.jp] STATUS: 0 active | FIRE: 3 | AMB: 3 | EVAC: 2 | SAVED: 0
[01:36:53] [doanane@xmpp.jp] TRAFFIC ZONE EAST: NORMAL - Routes cleared: 0
[01:36:56] [doanane@xmpp.jp] TRAFFIC ZONE WEST: NORMAL - Routes cleared: 0
[01:36:57] [doanane@xmpp.jp] HOSPITAL STATUS: 150/150 beds - 0% occupied
[01:36:59] [doanane@xmpp.jp] DETECTED: fire - MEDIUM - 200 people
[01:37:00] [doanane@xmpp.jp] STATUS: 0 active | FIRE: 3 | AMB: 3 | EVAC: 2 | SAVED: 0
[01:37:05] [doanane@xmpp.jp] TRAFFIC ZONE NORTH: NORMAL - Routes cleared: 0
[01:37:09] [doanane@xmpp.jp] TRAFFIC ZONE SOUTH: NORMAL - Routes cleared: 0
[01:37:10] [doanane@xmpp.jp] STATUS: 0 active | FIRE: 3 | AMB: 3 | EVAC: 2 | SAVED: 0
[01:37:12] [doanane@xmpp.jp] HOSPITAL STATUS: 150/150 beds - 0% occupied
[01:37:13] [doanane@xmpp.jp] TRAFFIC ZONE EAST: NORMAL - Routes cleared: 0
[01:37:14] [doanane@xmpp.jp] DETECTED: building_collapse - HIGH - 399 people
[01:37:16] [doanane@xmpp.jp] TRAFFIC ZONE WEST: NORMAL - Routes cleared: 0
[01:37:20] [doanane@xmpp.jp] STATUS: 0 active | FIRE: 3 | AMB: 3 | EVAC: 2 | SAVED: 0
[01:37:25] [doanane@xmpp.jp] TRAFFIC ZONE NORTH: NORMAL - Routes cleared: 0
[01:37:27] [doanane@xmpp.jp] HOSPITAL STATUS: 150/150 beds - 0% occupied
[01:37:29] [doanane@xmpp.jp] DETECTED: chemical_spill - HIGH - 436 people
[01:37:29] [doanane@xmpp.jp] TRAFFIC ZONE SOUTH: NORMAL - Routes cleared: 0
[01:37:30] [doanane@xmpp.jp] STATUS: 0 active | FIRE: 3 | AMB: 3 | EVAC: 2 | SAVED: 0
[01:37:33] [doanane@xmpp.jp] TRAFFIC ZONE EAST: NORMAL - Routes cleared: 0
[01:37:36] [doanane@xmpp.jp] TRAFFIC ZONE WEST: NORMAL - Routes cleared: 0
[01:37:40] [doanane@xmpp.jp] STATUS: 0 active | FIRE: 3 | AMB: 3 | EVAC: 2 | SAVED: 0
[01:37:42] [doanane@xmpp.jp] HOSPITAL STATUS: 150/150 beds - 0% occupied
[01:37:44] [doanane@xmpp.jp] DETECTED: fire - MEDIUM - 82 people
[01:37:45] [doanane@xmpp.jp] TRAFFIC ZONE NORTH: NORMAL - Routes cleared: 0
[01:37:49] [doanane@xmpp.jp] TRAFFIC ZONE SOUTH: NORMAL - Routes cleared: 0
[01:37:50] [doanane@xmpp.jp] STATUS: 0 active | FIRE: 3 | AMB: 3 | EVAC: 2 | SAVED: 0
[01:37:53] [doanane@xmpp.jp] TRAFFIC ZONE EAST: NORMAL - Routes cleared: 0
[01:37:56] [doanane@xmpp.jp] TRAFFIC ZONE WEST: NORMAL - Routes cleared: 0
[01:37:57] [doanane@xmpp.jp] HOSPITAL STATUS: 150/150 beds - 0% occupied
[01:37:59] [doanane@xmpp.jp] DETECTED: earthquake - LOW - 131 people
[01:38:00] [doanane@xmpp.jp] STATUS: 0 active | FIRE: 3 | AMB: 3 | EVAC: 2 | SAVED: 0
[01:38:06] [doanane@xmpp.jp] TRAFFIC ZONE NORTH: NORMAL - Routes cleared: 0
[01:38:09] [doanane@xmpp.jp] TRAFFIC ZONE SOUTH: NORMAL - Routes cleared: 0
[01:38:10] [doanane@xmpp.jp] STATUS: 0 active | FIRE: 3 | AMB: 3 | EVAC: 2 | SAVED: 0
[01:38:12] [doanane@xmpp.jp] HOSPITAL STATUS: 150/150 beds - 0% occupied
[01:38:13] [doanane@xmpp.jp] TRAFFIC ZONE EAST: NORMAL - Routes cleared: 0
[01:38:14] [doanane@xmpp.jp] DETECTED: building_collapse - LOW - 31 people
[01:38:16] [doanane@xmpp.jp] TRAFFIC ZONE WEST: NORMAL - Routes cleared: 0
[01:38:20] [doanane@xmpp.jp] STATUS: 0 active | FIRE: 3 | AMB: 3 | EVAC: 2 | SAVED: 0
[01:38:25] [doanane@xmpp.jp] TRAFFIC ZONE NORTH: NORMAL - Routes cleared: 0
[01:38:27] [doanane@xmpp.jp] HOSPITAL STATUS: 150/150 beds - 0% occupied
[01:38:29] [doanane@xmpp.jp] DETECTED: earthquake - MEDIUM - 334 people
[01:38:29] [doanane@xmpp.jp] TRAFFIC ZONE SOUTH: NORMAL - Routes cleared: 0
[01:38:30] [doanane@xmpp.jp] STATUS: 0 active | FIRE: 3 | AMB: 3 | EVAC: 2 | SAVED: 0
[01:38:33] [doanane@xmpp.jp] TRAFFIC ZONE EAST: NORMAL - Routes cleared: 0
[01:38:36] [doanane@xmpp.jp] TRAFFIC ZONE WEST: NORMAL - Routes cleared: 0
[01:38:40] [doanane@xmpp.jp] STATUS: 0 active | FIRE: 3 | AMB: 3 | EVAC: 2 | SAVED: 0
[01:38:42] [doanane@xmpp.jp] HOSPITAL STATUS: 150/150 beds - 0% occupied
[01:38:44] [doanane@xmpp.jp] DETECTED: fire - MEDIUM - 250 people
[01:38:45] [doanane@xmpp.jp] TRAFFIC ZONE NORTH: NORMAL - Routes cleared: 0
[01:38:49] [doanane@xmpp.jp] TRAFFIC ZONE SOUTH: NORMAL - Routes cleared: 0
[01:38:50] [doanane@xmpp.jp] STATUS: 0 active | FIRE: 3 | AMB: 3 | EVAC: 2 | SAVED: 0
[01:38:53] [doanane@xmpp.jp] TRAFFIC ZONE EAST: NORMAL - Routes cleared: 0
[01:38:56] [doanane@xmpp.jp] TRAFFIC ZONE WEST: NORMAL - Routes cleared: 0
[01:38:57] [doanane@xmpp.jp] HOSPITAL STATUS: 150/150 beds - 0% occupied
[01:38:59] [doanane@xmpp.jp] DETECTED: building_collapse - CRITICAL - 119 people
[01:39:00] [doanane@xmpp.jp] STATUS: 0 active | FIRE: 3 | AMB: 3 | EVAC: 2 | SAVED: 0
[01:39:05] [doanane@xmpp.jp] TRAFFIC ZONE NORTH: NORMAL - Routes cleared: 0
[01:39:09] [doanane@xmpp.jp] TRAFFIC ZONE SOUTH: NORMAL - Routes cleared: 0
[01:39:10] [doanane@xmpp.jp] STATUS: 0 active | FIRE: 3 | AMB: 3 | EVAC: 2 | SAVED: 0
[01:39:12] [doanane@xmpp.jp] HOSPITAL STATUS: 150/150 beds - 0% occupied
[01:39:13] [doanane@xmpp.jp] TRAFFIC ZONE EAST: NORMAL - Routes cleared: 0
[01:39:14] [doanane@xmpp.jp] DETECTED: chemical_spill - HIGH - 304 people
[01:39:16] [doanane@xmpp.jp] TRAFFIC ZONE WEST: NORMAL - Routes cleared: 0
[01:39:20] [doanane@xmpp.jp] STATUS: 0 active | FIRE: 3 | AMB: 3 | EVAC: 2 | SAVED: 0
[01:39:25] [doanane@xmpp.jp] TRAFFIC ZONE NORTH: NORMAL - Routes cleared: 0
[01:39:27] [doanane@xmpp.jp] HOSPITAL STATUS: 150/150 beds - 0% occupied
[01:39:29] [doanane@xmpp.jp] DETECTED: chemical_spill - LOW - 359 people
[01:39:29] [doanane@xmpp.jp] TRAFFIC ZONE SOUTH: NORMAL - Routes cleared: 0
[01:39:30] [doanane@xmpp.jp] STATUS: 0 active | FIRE: 3 | AMB: 3 | EVAC: 2 | SAVED: 0
[01:39:33] [doanane@xmpp.jp] TRAFFIC ZONE EAST: NORMAL - Routes cleared: 0
[01:39:36] [doanane@xmpp.jp] TRAFFIC ZONE WEST: NORMAL - Routes cleared: 0
[01:39:40] [doanane@xmpp.jp] STATUS: 0 active | FIRE: 3 | AMB: 3 | EVAC: 2 | SAVED: 0
[01:39:42] [doanane@xmpp.jp] HOSPITAL STATUS: 150/150 beds - 0% occupied
[01:39:44] [doanane@xmpp.jp] DETECTED: building_collapse - CRITICAL - 290 people
[01:39:45] [doanane@xmpp.jp] TRAFFIC ZONE NORTH: NORMAL - Routes cleared: 0
[01:39:49] [doanane@xmpp.jp] TRAFFIC ZONE SOUTH: NORMAL - Routes cleared: 0
[01:39:50] [doanane@xmpp.jp] STATUS: 0 active | FIRE: 3 | AMB: 3 | EVAC: 2 | SAVED: 0
[01:39:53] [doanane@xmpp.jp] TRAFFIC ZONE EAST: NORMAL - Routes cleared: 0
[01:39:56] [doanane@xmpp.jp] TRAFFIC ZONE WEST: NORMAL - Routes cleared: 0
[01:39:57] [doanane@xmpp.jp] HOSPITAL STATUS: 150/150 beds - 0% occupied
[01:39:59] [doanane@xmpp.jp] DETECTED: chemical_spill - HIGH - 266 people
[01:40:00] [doanane@xmpp.jp] STATUS: 0 active | FIRE: 3 | AMB: 3 | EVAC: 2 | SAVED: 0
[01:40:05] [doanane@xmpp.jp] TRAFFIC ZONE NORTH: NORMAL - Routes cleared: 0
[01:40:09] [doanane@xmpp.jp] TRAFFIC ZONE SOUTH: NORMAL - Routes cleared: 0
[01:40:10] [doanane@xmpp.jp] STATUS: 0 active | FIRE: 3 | AMB: 3 | EVAC: 2 | SAVED: 0
[01:40:12] [doanane@xmpp.jp] HOSPITAL STATUS: 150/150 beds - 0% occupied
[01:40:13] [doanane@xmpp.jp] TRAFFIC ZONE EAST: NORMAL - Routes cleared: 0
[01:40:14] [doanane@xmpp.jp] DETECTED: fire - CRITICAL - 281 people
[01:40:16] [doanane@xmpp.jp] TRAFFIC ZONE WEST: NORMAL - Routes cleared: 0
[01:40:20] [doanane@xmpp.jp] STATUS: 0 active | FIRE: 3 | AMB: 3 | EVAC: 2 | SAVED: 0
[01:40:25] [doanane@xmpp.jp] TRAFFIC ZONE NORTH: NORMAL - Routes cleared: 0
[01:40:27] [doanane@xmpp.jp] HOSPITAL STATUS: 150/150 beds - 0% occupied
[01:40:29] [doanane@xmpp.jp] DETECTED: earthquake - CRITICAL - 281 people
[01:40:29] [doanane@xmpp.jp] TRAFFIC ZONE SOUTH: NORMAL - Routes cleared: 0
[01:40:30] [doanane@xmpp.jp] STATUS: 0 active | FIRE: 3 | AMB: 3 | EVAC: 2 | SAVED: 0
[01:40:33] [doanane@xmpp.jp] TRAFFIC ZONE EAST: NORMAL - Routes cleared: 0
[01:40:36] [doanane@xmpp.jp] TRAFFIC ZONE WEST: NORMAL - Routes cleared: 0
[01:40:40] [doanane@xmpp.jp] STATUS: 0 active | FIRE: 3 | AMB: 3 | EVAC: 2 | SAVED: 0
[01:40:42] [doanane@xmpp.jp] HOSPITAL STATUS: 150/150 beds - 0% occupied
[01:40:44] [doanane@xmpp.jp] DETECTED: flood - CRITICAL - 383 people
[01:40:45] [doanane@xmpp.jp] TRAFFIC ZONE NORTH: NORMAL - Routes cleared: 0
[01:40:49] [doanane@xmpp.jp] TRAFFIC ZONE SOUTH: NORMAL - Routes cleared: 0
[01:40:50] [doanane@xmpp.jp] STATUS: 0 active | FIRE: 3 | AMB: 3 | EVAC: 2 | SAVED: 0
[01:40:53] [doanane@xmpp.jp] TRAFFIC ZONE EAST: NORMAL - Routes cleared: 0
[01:40:56] [doanane@xmpp.jp] TRAFFIC ZONE WEST: NORMAL - Routes cleared: 0
[01:40:57] [doanane@xmpp.jp] HOSPITAL STATUS: 150/150 beds - 0% occupied
[01:40:59] [doanane@xmpp.jp] DETECTED: chemical_spill - CRITICAL - 155 people
[01:41:00] [doanane@xmpp.jp] STATUS: 0 active | FIRE: 3 | AMB: 3 | EVAC: 2 | SAVED: 0
[01:41:05] [doanane@xmpp.jp] TRAFFIC ZONE NORTH: NORMAL - Routes cleared: 0
[01:41:09] [doanane@xmpp.jp] TRAFFIC ZONE SOUTH: NORMAL - Routes cleared: 0
[01:41:10] [doanane@xmpp.jp] STATUS: 0 active | FIRE: 3 | AMB: 3 | EVAC: 2 | SAVED: 0
[01:41:12] [doanane@xmpp.jp] HOSPITAL STATUS: 150/150 beds - 0% occupied
[01:41:13] [doanane@xmpp.jp] TRAFFIC ZONE EAST: NORMAL - Routes cleared: 0
[01:41:14] [doanane@xmpp.jp] DETECTED: earthquake - HIGH - 210 people
[01:41:16] [doanane@xmpp.jp] TRAFFIC ZONE WEST: NORMAL - Routes cleared: 0
[01:41:20] [doanane@xmpp.jp] STATUS: 0 active | FIRE: 3 | AMB: 3 | EVAC: 2 | SAVED: 0
[01:41:25] [doanane@xmpp.jp] TRAFFIC ZONE NORTH: NORMAL - Routes cleared: 0
[01:41:27] [doanane@xmpp.jp] HOSPITAL STATUS: 150/150 beds - 0% occupied
[01:41:29] [doanane@xmpp.jp] DETECTED: fire - HIGH - 213 people
[01:41:29] [doanane@xmpp.jp] TRAFFIC ZONE SOUTH: NORMAL - Routes cleared: 0
[01:41:30] [doanane@xmpp.jp] STATUS: 0 active | FIRE: 3 | AMB: 3 | EVAC: 2 | SAVED: 0
[01:41:33] [doanane@xmpp.jp] TRAFFIC ZONE EAST: NORMAL - Routes cleared: 0
[01:41:36] [doanane@xmpp.jp] TRAFFIC ZONE WEST: NORMAL - Routes cleared: 0
[01:41:40] [doanane@xmpp.jp] STATUS: 0 active | FIRE: 3 | AMB: 3 | EVAC: 2 | SAVED: 0
[01:41:42] [doanane@xmpp.jp] HOSPITAL STATUS: 150/150 beds - 0% occupied
[01:41:44] [doanane@xmpp.jp] DETECTED: building_collapse - MEDIUM - 464 people
[01:41:45] [doanane@xmpp.jp] TRAFFIC ZONE NORTH: NORMAL - Routes cleared: 0
[01:41:49] [doanane@xmpp.jp] TRAFFIC ZONE SOUTH: NORMAL - Routes cleared: 0
[01:41:50] [doanane@xmpp.jp] STATUS: 0 active | FIRE: 3 | AMB: 3 | EVAC: 2 | SAVED: 0
[01:41:53] [doanane@xmpp.jp] TRAFFIC ZONE EAST: NORMAL - Routes cleared: 0
[01:41:56] [doanane@xmpp.jp] TRAFFIC ZONE WEST: NORMAL - Routes cleared: 0
[01:41:57] [doanane@xmpp.jp] HOSPITAL STATUS: 150/150 beds - 0% occupied
[01:41:59] [doanane@xmpp.jp] DETECTED: earthquake - CRITICAL - 250 people
[01:42:00] [doanane@xmpp.jp] STATUS: 0 active | FIRE: 3 | AMB: 3 | EVAC: 2 | SAVED: 0
[01:42:05] [doanane@xmpp.jp] TRAFFIC ZONE NORTH: NORMAL - Routes cleared: 0
[01:42:09] [doanane@xmpp.jp] TRAFFIC ZONE SOUTH: NORMAL - Routes cleared: 0
[01:42:10] [doanane@xmpp.jp] STATUS: 0 active | FIRE: 3 | AMB: 3 | EVAC: 2 | SAVED: 0
[01:42:12] [doanane@xmpp.jp] HOSPITAL STATUS: 150/150 beds - 0% occupied
[01:42:13] [doanane@xmpp.jp] TRAFFIC ZONE EAST: NORMAL - Routes cleared: 0
[01:42:14] [doanane@xmpp.jp] DETECTED: chemical_spill - CRITICAL - 30 people
[01:42:16] [doanane@xmpp.jp] TRAFFIC ZONE WEST: NORMAL - Routes cleared: 0
[01:42:20] [doanane@xmpp.jp] STATUS: 0 active | FIRE: 3 | AMB: 3 | EVAC: 2 | SAVED: 0
[01:42:25] [doanane@xmpp.jp] TRAFFIC ZONE NORTH: NORMAL - Routes cleared: 0
[01:42:27] [doanane@xmpp.jp] HOSPITAL STATUS: 150/150 beds - 0% occupied
[01:42:29] [doanane@xmpp.jp] DETECTED: fire - CRITICAL - 181 people
[01:42:29] [doanane@xmpp.jp] TRAFFIC ZONE SOUTH: NORMAL - Routes cleared: 0
[01:42:30] [doanane@xmpp.jp] STATUS: 0 active | FIRE: 3 | AMB: 3 | EVAC: 2 | SAVED: 0
[01:42:33] [doanane@xmpp.jp] TRAFFIC ZONE EAST: NORMAL - Routes cleared: 0
[01:42:36] [doanane@xmpp.jp] TRAFFIC ZONE WEST: NORMAL - Routes cleared: 0
[01:42:40] [doanane@xmpp.jp] STATUS: 0 active | FIRE: 3 | AMB: 3 | EVAC: 2 | SAVED: 0
[01:42:42] [doanane@xmpp.jp] HOSPITAL STATUS: 150/150 beds - 0% occupied
[01:42:44] [doanane@xmpp.jp] DETECTED: fire - HIGH - 144 people
[01:42:45] [doanane@xmpp.jp] TRAFFIC ZONE NORTH: NORMAL - Routes cleared: 0
[01:42:49] [doanane@xmpp.jp] TRAFFIC ZONE SOUTH: NORMAL - Routes cleared: 0
[01:42:50] [doanane@xmpp.jp] STATUS: 0 active | FIRE: 3 | AMB: 3 | EVAC: 2 | SAVED: 0
[01:42:53] [doanane@xmpp.jp] TRAFFIC ZONE EAST: NORMAL - Routes cleared: 0
[01:42:56] [doanane@xmpp.jp] TRAFFIC ZONE WEST: NORMAL - Routes cleared: 0
[01:42:57] [doanane@xmpp.jp] HOSPITAL STATUS: 150/150 beds - 0% occupied
[01:42:59] [doanane@xmpp.jp] DETECTED: building_collapse - HIGH - 428 people
[01:43:00] [doanane@xmpp.jp] STATUS: 0 active | FIRE: 3 | AMB: 3 | EVAC: 2 | SAVED: 0
[01:43:05] [doanane@xmpp.jp] TRAFFIC ZONE NORTH: NORMAL - Routes cleared: 0
[01:43:09] [doanane@xmpp.jp] TRAFFIC ZONE SOUTH: NORMAL - Routes cleared: 0
[01:43:10] [doanane@xmpp.jp] STATUS: 0 active | FIRE: 3 | AMB: 3 | EVAC: 2 | SAVED: 0
[01:43:12] [doanane@xmpp.jp] HOSPITAL STATUS: 150/150 beds - 0% occupied
[01:43:13] [doanane@xmpp.jp] TRAFFIC ZONE EAST: NORMAL - Routes cleared: 0
[01:43:14] [doanane@xmpp.jp] DETECTED: fire - HIGH - 185 people
[01:43:16] [doanane@xmpp.jp] TRAFFIC ZONE WEST: NORMAL - Routes cleared: 0
[01:43:20] [doanane@xmpp.jp] STATUS: 0 active | FIRE: 3 | AMB: 3 | EVAC: 2 | SAVED: 0
[01:43:25] [doanane@xmpp.jp] TRAFFIC ZONE NORTH: NORMAL - Routes cleared: 0
[01:43:27] [doanane@xmpp.jp] HOSPITAL STATUS: 150/150 beds - 0% occupied
[01:43:29] [doanane@xmpp.jp] DETECTED: flood - HIGH - 493 people
[01:43:29] [doanane@xmpp.jp] TRAFFIC ZONE SOUTH: NORMAL - Routes cleared: 0
[01:43:30] [doanane@xmpp.jp] STATUS: 0 active | FIRE: 3 | AMB: 3 | EVAC: 2 | SAVED: 0
[01:43:33] [doanane@xmpp.jp] TRAFFIC ZONE EAST: NORMAL - Routes cleared: 0
[01:43:36] [doanane@xmpp.jp] TRAFFIC ZONE WEST: NORMAL - Routes cleared: 0
[01:43:40] [doanane@xmpp.jp] STATUS: 0 active | FIRE: 3 | AMB: 3 | EVAC: 2 | SAVED: 0
[01:43:42] [doanane@xmpp.jp] HOSPITAL STATUS: 150/150 beds - 0% occupied
[01:43:44] [doanane@xmpp.jp] DETECTED: fire - MEDIUM - 347 people
[01:43:45] [doanane@xmpp.jp] TRAFFIC ZONE NORTH: NORMAL - Routes cleared: 0
[01:43:49] [doanane@xmpp.jp] TRAFFIC ZONE SOUTH: NORMAL - Routes cleared: 0
[01:43:50] [doanane@xmpp.jp] STATUS: 0 active | FIRE: 3 | AMB: 3 | EVAC: 2 | SAVED: 0
[01:43:53] [doanane@xmpp.jp] TRAFFIC ZONE EAST: NORMAL - Routes cleared: 0
[01:43:56] [doanane@xmpp.jp] TRAFFIC ZONE WEST: NORMAL - Routes cleared: 0
[01:43:57] [doanane@xmpp.jp] HOSPITAL STATUS: 150/150 beds - 0% occupied
[01:43:59] [doanane@xmpp.jp] DETECTED: fire - MEDIUM - 33 people
[01:44:00] [doanane@xmpp.jp] STATUS: 0 active | FIRE: 3 | AMB: 3 | EVAC: 2 | SAVED: 0
[01:44:05] [doanane@xmpp.jp] TRAFFIC ZONE NORTH: NORMAL - Routes cleared: 0
[01:44:09] [doanane@xmpp.jp] TRAFFIC ZONE SOUTH: NORMAL - Routes cleared: 0
[01:44:10] [doanane@xmpp.jp] STATUS: 0 active | FIRE: 3 | AMB: 3 | EVAC: 2 | SAVED: 0
[01:44:12] [doanane@xmpp.jp] HOSPITAL STATUS: 150/150 beds - 0% occupied
[01:44:13] [doanane@xmpp.jp] TRAFFIC ZONE EAST: NORMAL - Routes cleared: 0
[01:44:14] [doanane@xmpp.jp] DETECTED: fire - CRITICAL - 453 people
[01:44:16] [doanane@xmpp.jp] TRAFFIC ZONE WEST: NORMAL - Routes cleared: 0
[01:44:20] [doanane@xmpp.jp] STATUS: 0 active | FIRE: 3 | AMB: 3 | EVAC: 2 | SAVED: 0
[01:44:25] [doanane@xmpp.jp] TRAFFIC ZONE NORTH: NORMAL - Routes cleared: 0
[01:44:27] [doanane@xmpp.jp] HOSPITAL STATUS: 150/150 beds - 0% occupied
[01:44:29] [doanane@xmpp.jp] DETECTED: fire - HIGH - 204 people
[01:44:29] [doanane@xmpp.jp] TRAFFIC ZONE SOUTH: NORMAL - Routes cleared: 0
[01:44:30] [doanane@xmpp.jp] STATUS: 0 active | FIRE: 3 | AMB: 3 | EVAC: 2 | SAVED: 0
[01:44:33] [doanane@xmpp.jp] TRAFFIC ZONE EAST: NORMAL - Routes cleared: 0
[01:44:36] [doanane@xmpp.jp] TRAFFIC ZONE WEST: NORMAL - Routes cleared: 0
[01:44:40] [doanane@xmpp.jp] STATUS: 0 active | FIRE: 3 | AMB: 3 | EVAC: 2 | SAVED: 0
[01:44:42] [doanane@xmpp.jp] HOSPITAL STATUS: 150/150 beds - 0% occupied
[01:44:44] [doanane@xmpp.jp] DETECTED: building_collapse - LOW - 82 people
[01:44:45] [doanane@xmpp.jp] TRAFFIC ZONE NORTH: NORMAL - Routes cleared: 0
[01:44:49] [doanane@xmpp.jp] TRAFFIC ZONE SOUTH: NORMAL - Routes cleared: 0
[01:44:50] [doanane@xmpp.jp] STATUS: 0 active | FIRE: 3 | AMB: 3 | EVAC: 2 | SAVED: 0
[01:44:53] [doanane@xmpp.jp] TRAFFIC ZONE EAST: NORMAL - Routes cleared: 0
[01:44:56] [doanane@xmpp.jp] TRAFFIC ZONE WEST: NORMAL - Routes cleared: 0
[01:44:57] [doanane@xmpp.jp] HOSPITAL STATUS: 150/150 beds - 0% occupied
[01:44:59] [doanane@xmpp.jp] DETECTED: building_collapse - MEDIUM - 106 people
[01:45:00] [doanane@xmpp.jp] STATUS: 0 active | FIRE: 3 | AMB: 3 | EVAC: 2 | SAVED: 0
[01:45:05] [doanane@xmpp.jp] TRAFFIC ZONE NORTH: NORMAL - Routes cleared: 0
[01:45:09] [doanane@xmpp.jp] TRAFFIC ZONE SOUTH: NORMAL - Routes cleared: 0
[01:45:10] [doanane@xmpp.jp] STATUS: 0 active | FIRE: 3 | AMB: 3 | EVAC: 2 | SAVED: 0
[01:45:12] [doanane@xmpp.jp] HOSPITAL STATUS: 150/150 beds - 0% occupied
[01:45:13] [doanane@xmpp.jp] TRAFFIC ZONE EAST: NORMAL - Routes cleared: 0
[01:45:14] [doanane@xmpp.jp] DETECTED: chemical_spill - HIGH - 166 people
[01:45:16] [doanane@xmpp.jp] TRAFFIC ZONE WEST: NORMAL - Routes cleared: 0
[01:45:20] [doanane@xmpp.jp] STATUS: 0 active | FIRE: 3 | AMB: 3 | EVAC: 2 | SAVED: 0
[01:45:26] [doanane@xmpp.jp] TRAFFIC ZONE NORTH: NORMAL - Routes cleared: 0
[01:45:27] [doanane@xmpp.jp] HOSPITAL STATUS: 150/150 beds - 0% occupied
[01:45:29] [doanane@xmpp.jp] DETECTED: earthquake - CRITICAL - 445 people
[01:45:29] [doanane@xmpp.jp] TRAFFIC ZONE SOUTH: NORMAL - Routes cleared: 0
[01:45:30] [doanane@xmpp.jp] STATUS: 0 active | FIRE: 3 | AMB: 3 | EVAC: 2 | SAVED: 0
[01:45:33] [doanane@xmpp.jp] TRAFFIC ZONE EAST: NORMAL - Routes cleared: 0
[01:45:36] [doanane@xmpp.jp] TRAFFIC ZONE WEST: NORMAL - Routes cleared: 0
[01:45:40] [doanane@xmpp.jp] STATUS: 0 active | FIRE: 3 | AMB: 3 | EVAC: 2 | SAVED: 0
[01:45:42] [doanane@xmpp.jp] HOSPITAL STATUS: 150/150 beds - 0% occupied
[01:45:44] [doanane@xmpp.jp] DETECTED: building_collapse - CRITICAL - 95 people
[01:45:45] [doanane@xmpp.jp] TRAFFIC ZONE NORTH: NORMAL - Routes cleared: 0
[01:45:49] [doanane@xmpp.jp] TRAFFIC ZONE SOUTH: NORMAL - Routes cleared: 0
[01:45:50] [doanane@xmpp.jp] STATUS: 0 active | FIRE: 3 | AMB: 3 | EVAC: 2 | SAVED: 0
[01:45:53] [doanane@xmpp.jp] TRAFFIC ZONE EAST: NORMAL - Routes cleared: 0
[01:45:56] [doanane@xmpp.jp] TRAFFIC ZONE WEST: NORMAL - Routes cleared: 0
[01:45:57] [doanane@xmpp.jp] HOSPITAL STATUS: 150/150 beds - 0% occupied
[01:45:59] [doanane@xmpp.jp] DETECTED: chemical_spill - LOW - 432 people
[01:46:00] [doanane@xmpp.jp] STATUS: 0 active | FIRE: 3 | AMB: 3 | EVAC: 2 | SAVED: 0
[01:46:05] [doanane@xmpp.jp] TRAFFIC ZONE NORTH: NORMAL - Routes cleared: 0
[01:46:09] [doanane@xmpp.jp] TRAFFIC ZONE SOUTH: NORMAL - Routes cleared: 0
[01:46:10] [doanane@xmpp.jp] STATUS: 0 active | FIRE: 3 | AMB: 3 | EVAC: 2 | SAVED: 0
[01:46:12] [doanane@xmpp.jp] HOSPITAL STATUS: 150/150 beds - 0% occupied
[01:46:13] [doanane@xmpp.jp] TRAFFIC ZONE EAST: NORMAL - Routes cleared: 0
[01:46:14] [doanane@xmpp.jp] DETECTED: chemical_spill - MEDIUM - 345 people
[01:46:16] [doanane@xmpp.jp] TRAFFIC ZONE WEST: NORMAL - Routes cleared: 0
[01:46:20] [doanane@xmpp.jp] STATUS: 0 active | FIRE: 3 | AMB: 3 | EVAC: 2 | SAVED: 0
[01:46:25] [doanane@xmpp.jp] TRAFFIC ZONE NORTH: NORMAL - Routes cleared: 0
[01:46:27] [doanane@xmpp.jp] HOSPITAL STATUS: 150/150 beds - 0% occupied
[01:46:29] [doanane@xmpp.jp] DETECTED: building_collapse - CRITICAL - 415 people
[01:46:29] [doanane@xmpp.jp] TRAFFIC ZONE SOUTH: NORMAL - Routes cleared: 0
[01:46:30] [doanane@xmpp.jp] STATUS: 0 active | FIRE: 3 | AMB: 3 | EVAC: 2 | SAVED: 0
[01:46:33] [doanane@xmpp.jp] TRAFFIC ZONE EAST: NORMAL - Routes cleared: 0
[01:46:36] [doanane@xmpp.jp] TRAFFIC ZONE WEST: NORMAL - Routes cleared: 0
[01:46:40] [doanane@xmpp.jp] STATUS: 0 active | FIRE: 3 | AMB: 3 | EVAC: 2 | SAVED: 0
[01:46:42] [doanane@xmpp.jp] HOSPITAL STATUS: 150/150 beds - 0% occupied
[01:46:44] [doanane@xmpp.jp] DETECTED: flood - LOW - 409 people
[01:46:45] [doanane@xmpp.jp] TRAFFIC ZONE NORTH: NORMAL - Routes cleared: 0
[01:46:49] [doanane@xmpp.jp] TRAFFIC ZONE SOUTH: NORMAL - Routes cleared: 0
[01:46:50] [doanane@xmpp.jp] STATUS: 0 active | FIRE: 3 | AMB: 3 | EVAC: 2 | SAVED: 0
[01:46:53] [doanane@xmpp.jp] TRAFFIC ZONE EAST: NORMAL - Routes cleared: 0
[01:46:56] [doanane@xmpp.jp] TRAFFIC ZONE WEST: NORMAL - Routes cleared: 0
[01:46:57] [doanane@xmpp.jp] HOSPITAL STATUS: 150/150 beds - 0% occupied
[01:46:59] [doanane@xmpp.jp] DETECTED: building_collapse - MEDIUM - 469 people
[01:47:00] [doanane@xmpp.jp] STATUS: 0 active | FIRE: 3 | AMB: 3 | EVAC: 2 | SAVED: 0
[01:47:05] [doanane@xmpp.jp] TRAFFIC ZONE NORTH: NORMAL - Routes cleared: 0
[01:47:09] [doanane@xmpp.jp] TRAFFIC ZONE SOUTH: NORMAL - Routes cleared: 0
[01:47:10] [doanane@xmpp.jp] STATUS: 0 active | FIRE: 3 | AMB: 3 | EVAC: 2 | SAVED: 0
[01:47:12] [doanane@xmpp.jp] HOSPITAL STATUS: 150/150 beds - 0% occupied
[01:47:13] [doanane@xmpp.jp] TRAFFIC ZONE EAST: NORMAL - Routes cleared: 0
[01:47:14] [doanane@xmpp.jp] DETECTED: flood - MEDIUM - 445 people
[01:47:16] [doanane@xmpp.jp] TRAFFIC ZONE WEST: NORMAL - Routes cleared: 0
[01:47:20] [doanane@xmpp.jp] STATUS: 0 active | FIRE: 3 | AMB: 3 | EVAC: 2 | SAVED: 0
[01:47:25] [doanane@xmpp.jp] TRAFFIC ZONE NORTH: NORMAL - Routes cleared: 0
[01:47:27] [doanane@xmpp.jp] HOSPITAL STATUS: 150/150 beds - 0% occupied
[01:47:29] [doanane@xmpp.jp] DETECTED: building_collapse - LOW - 263 people
[01:47:29] [doanane@xmpp.jp] TRAFFIC ZONE SOUTH: NORMAL - Routes cleared: 0
[01:47:30] [doanane@xmpp.jp] STATUS: 0 active | FIRE: 3 | AMB: 3 | EVAC: 2 | SAVED: 0
[01:47:33] [doanane@xmpp.jp] TRAFFIC ZONE EAST: NORMAL - Routes cleared: 0
[01:47:36] [doanane@xmpp.jp] TRAFFIC ZONE WEST: NORMAL - Routes cleared: 0
[01:47:40] [doanane@xmpp.jp] STATUS: 0 active | FIRE: 3 | AMB: 3 | EVAC: 2 | SAVED: 0
[01:47:42] [doanane@xmpp.jp] HOSPITAL STATUS: 150/150 beds - 0% occupied
[01:47:44] [doanane@xmpp.jp] DETECTED: chemical_spill - CRITICAL - 477 people
[01:47:45] [doanane@xmpp.jp] TRAFFIC ZONE NORTH: NORMAL - Routes cleared: 0
[01:47:49] [doanane@xmpp.jp] TRAFFIC ZONE SOUTH: NORMAL - Routes cleared: 0
[01:47:50] [doanane@xmpp.jp] STATUS: 0 active | FIRE: 3 | AMB: 3 | EVAC: 2 | SAVED: 0
[01:47:53] [doanane@xmpp.jp] TRAFFIC ZONE EAST: NORMAL - Routes cleared: 0
[01:47:56] [doanane@xmpp.jp] TRAFFIC ZONE WEST: NORMAL - Routes cleared: 0
[01:47:57] [doanane@xmpp.jp] HOSPITAL STATUS: 150/150 beds - 0% occupied
[01:47:59] [doanane@xmpp.jp] DETECTED: fire - CRITICAL - 18 people
[01:48:00] [doanane@xmpp.jp] STATUS: 0 active | FIRE: 3 | AMB: 3 | EVAC: 2 | SAVED: 0
[01:48:05] [doanane@xmpp.jp] TRAFFIC ZONE NORTH: NORMAL - Routes cleared: 0
[01:48:09] [doanane@xmpp.jp] TRAFFIC ZONE SOUTH: NORMAL - Routes cleared: 0
[01:48:10] [doanane@xmpp.jp] STATUS: 0 active | FIRE: 3 | AMB: 3 | EVAC: 2 | SAVED: 0
[01:48:12] [doanane@xmpp.jp] HOSPITAL STATUS: 150/150 beds - 0% occupied
[01:48:13] [doanane@xmpp.jp] TRAFFIC ZONE EAST: NORMAL - Routes cleared: 0
[01:48:14] [doanane@xmpp.jp] DETECTED: fire - LOW - 111 people
[01:48:16] [doanane@xmpp.jp] TRAFFIC ZONE WEST: NORMAL - Routes cleared: 0
[01:48:20] [doanane@xmpp.jp] STATUS: 0 active | FIRE: 3 | AMB: 3 | EVAC: 2 | SAVED: 0
[01:48:25] [doanane@xmpp.jp] TRAFFIC ZONE NORTH: NORMAL - Routes cleared: 0
[01:48:27] [doanane@xmpp.jp] HOSPITAL STATUS: 150/150 beds - 0% occupied
[01:48:29] [doanane@xmpp.jp] DETECTED: flood - MEDIUM - 499 people
[01:48:29] [doanane@xmpp.jp] TRAFFIC ZONE SOUTH: NORMAL - Routes cleared: 0
[01:48:30] [doanane@xmpp.jp] STATUS: 0 active | FIRE: 3 | AMB: 3 | EVAC: 2 | SAVED: 0
[01:48:33] [doanane@xmpp.jp] TRAFFIC ZONE EAST: NORMAL - Routes cleared: 0
[01:48:36] [doanane@xmpp.jp] TRAFFIC ZONE WEST: NORMAL - Routes cleared: 0
[01:48:40] [doanane@xmpp.jp] STATUS: 0 active | FIRE: 3 | AMB: 3 | EVAC: 2 | SAVED: 0
[01:48:42] [doanane@xmpp.jp] HOSPITAL STATUS: 150/150 beds - 0% occupied
[01:48:44] [doanane@xmpp.jp] DETECTED: flood - LOW - 136 people
[01:48:45] [doanane@xmpp.jp] TRAFFIC ZONE NORTH: NORMAL - Routes cleared: 0
[01:48:49] [doanane@xmpp.jp] TRAFFIC ZONE SOUTH: NORMAL - Routes cleared: 0
[01:48:50] [doanane@xmpp.jp] STATUS: 0 active | FIRE: 3 | AMB: 3 | EVAC: 2 | SAVED: 0
[01:48:53] [doanane@xmpp.jp] TRAFFIC ZONE EAST: NORMAL - Routes cleared: 0
[01:48:56] [doanane@xmpp.jp] TRAFFIC ZONE WEST: NORMAL - Routes cleared: 0
[01:48:57] [doanane@xmpp.jp] HOSPITAL STATUS: 150/150 beds - 0% occupied
[01:48:59] [doanane@xmpp.jp] DETECTED: chemical_spill - CRITICAL - 300 people
[01:49:00] [doanane@xmpp.jp] STATUS: 0 active | FIRE: 3 | AMB: 3 | EVAC: 2 | SAVED: 0
[01:49:05] [doanane@xmpp.jp] TRAFFIC ZONE NORTH: NORMAL - Routes cleared: 0
[01:49:09] [doanane@xmpp.jp] TRAFFIC ZONE SOUTH: NORMAL - Routes cleared: 0
[01:49:10] [doanane@xmpp.jp] STATUS: 0 active | FIRE: 3 | AMB: 3 | EVAC: 2 | SAVED: 0
[01:49:12] [doanane@xmpp.jp] HOSPITAL STATUS: 150/150 beds - 0% occupied
[01:49:13] [doanane@xmpp.jp] TRAFFIC ZONE EAST: NORMAL - Routes cleared: 0
[01:49:14] [doanane@xmpp.jp] DETECTED: fire - LOW - 261 people
[01:49:16] [doanane@xmpp.jp] TRAFFIC ZONE WEST: NORMAL - Routes cleared: 0
[01:49:20] [doanane@xmpp.jp] STATUS: 0 active | FIRE: 3 | AMB: 3 | EVAC: 2 | SAVED: 0
[01:49:25] [doanane@xmpp.jp] TRAFFIC ZONE NORTH: NORMAL - Routes cleared: 0
[01:49:27] [doanane@xmpp.jp] HOSPITAL STATUS: 150/150 beds - 0% occupied
[01:49:29] [doanane@xmpp.jp] DETECTED: building_collapse - MEDIUM - 292 people
[01:49:29] [doanane@xmpp.jp] TRAFFIC ZONE SOUTH: NORMAL - Routes cleared: 0
[01:49:30] [doanane@xmpp.jp] STATUS: 0 active | FIRE: 3 | AMB: 3 | EVAC: 2 | SAVED: 0
[01:49:33] [doanane@xmpp.jp] TRAFFIC ZONE EAST: NORMAL - Routes cleared: 0
[01:49:36] [doanane@xmpp.jp] TRAFFIC ZONE WEST: NORMAL - Routes cleared: 0
[01:49:40] [doanane@xmpp.jp] STATUS: 0 active | FIRE: 3 | AMB: 3 | EVAC: 2 | SAVED: 0
[01:49:42] [doanane@xmpp.jp] HOSPITAL STATUS: 150/150 beds - 0% occupied
[01:49:44] [doanane@xmpp.jp] DETECTED: flood - MEDIUM - 318 people
[01:49:45] [doanane@xmpp.jp] TRAFFIC ZONE NORTH: NORMAL - Routes cleared: 0
[01:49:49] [doanane@xmpp.jp] TRAFFIC ZONE SOUTH: NORMAL - Routes cleared: 0
[01:49:50] [doanane@xmpp.jp] STATUS: 0 active | FIRE: 3 | AMB: 3 | EVAC: 2 | SAVED: 0
[01:49:53] [doanane@xmpp.jp] TRAFFIC ZONE EAST: NORMAL - Routes cleared: 0
[01:49:56] [doanane@xmpp.jp] TRAFFIC ZONE WEST: NORMAL - Routes cleared: 0
[01:49:57] [doanane@xmpp.jp] HOSPITAL STATUS: 150/150 beds - 0% occupied
[01:49:59] [doanane@xmpp.jp] DETECTED: earthquake - LOW - 283 people
[01:50:00] [doanane@xmpp.jp] STATUS: 0 active | FIRE: 3 | AMB: 3 | EVAC: 2 | SAVED: 0
[01:50:05] [doanane@xmpp.jp] TRAFFIC ZONE NORTH: NORMAL - Routes cleared: 0
[01:50:09] [doanane@xmpp.jp] TRAFFIC ZONE SOUTH: NORMAL - Routes cleared: 0
[01:50:10] [doanane@xmpp.jp] STATUS: 0 active | FIRE: 3 | AMB: 3 | EVAC: 2 | SAVED: 0
[01:50:12] [doanane@xmpp.jp] HOSPITAL STATUS: 150/150 beds - 0% occupied
[01:50:13] [doanane@xmpp.jp] TRAFFIC ZONE EAST: NORMAL - Routes cleared: 0
[01:50:14] [doanane@xmpp.jp] DETECTED: chemical_spill - HIGH - 352 people
[01:50:16] [doanane@xmpp.jp] TRAFFIC ZONE WEST: NORMAL - Routes cleared: 0
[01:50:20] [doanane@xmpp.jp] STATUS: 0 active | FIRE: 3 | AMB: 3 | EVAC: 2 | SAVED: 0
[02:03:07] [doanane@xmpp.jp] COMMAND CENTER ONLINE - Disaster coordination active
[02:03:07] [doanane@xmpp.jp] STATUS: 0 active | FIRE: 3 | AMB: 3 | EVAC: 2 | SAVED: 0
[02:03:10] [doanane@xmpp.jp] SENSOR AGENT ONLINE - Monitoring environmental sensors
[02:03:10] [doanane@xmpp.jp] DETECTED: flood - MEDIUM - 77 people
[02:03:14] [doanane@xmpp.jp] FIRE ENGINE FT-ea43 ONLINE - Ready for deployment
[02:03:17] [doanane@xmpp.jp] STATUS: 0 active | FIRE: 3 | AMB: 3 | EVAC: 2 | SAVED: 0
[02:03:17] [doanane@xmpp.jp] FIRE ENGINE FT-c5c6 ONLINE - Ready for deployment
